F:\DEPLOY\ADT_BUNDLE\COCOS2DX\QUICK-COCOS2D-X-3.6.3_COMMUNITY\QUICK\PLAYER\PROJ.WIN32\DEBUG.WIN32\VC110.PDB
F:\DEPLOY\ADT_BUNDLE\COCOS2DX\QUICK-COCOS2D-X-3.6.3_COMMUNITY\QUICK\PLAYER\PROJ.WIN32\DEBUG.WIN32\LIBBASE64.OBJ
F:\DEPLOY\ADT_BUNDLE\COCOS2DX\QUICK-COCOS2D-X-3.6.3_COMMUNITY\QUICK\PLAYER\PROJ.WIN32\DEBUG.WIN32\STRBUF.OBJ
F:\DEPLOY\ADT_BUNDLE\COCOS2DX\QUICK-COCOS2D-X-3.6.3_COMMUNITY\QUICK\PLAYER\PROJ.WIN32\DEBUG.WIN32\LSQLITE3.OBJ
F:\DEPLOY\ADT_BUNDLE\COCOS2DX\QUICK-COCOS2D-X-3.6.3_COMMUNITY\QUICK\PLAYER\PROJ.WIN32\DEBUG.WIN32\LUA_CJSON.OBJ
F:\DEPLOY\ADT_BUNDLE\COCOS2DX\QUICK-COCOS2D-X-3.6.3_COMMUNITY\QUICK\PLAYER\PROJ.WIN32\DEBUG.WIN32\LUA_ZLIB.OBJ
F:\DEPLOY\ADT_BUNDLE\COCOS2DX\QUICK-COCOS2D-X-3.6.3_COMMUNITY\QUICK\PLAYER\PROJ.WIN32\DEBUG.WIN32\FPCONV.OBJ
F:\DEPLOY\ADT_BUNDLE\COCOS2DX\QUICK-COCOS2D-X-3.6.3_COMMUNITY\QUICK\PLAYER\PROJ.WIN32\DEBUG.WIN32\LPACK.OBJ
F:\DEPLOY\ADT_BUNDLE\COCOS2DX\QUICK-COCOS2D-X-3.6.3_COMMUNITY\QUICK\PLAYER\PROJ.WIN32\DEBUG.WIN32\SQLITE3.OBJ
F:\DEPLOY\ADT_BUNDLE\COCOS2DX\QUICK-COCOS2D-X-3.6.3_COMMUNITY\QUICK\PLAYER\PROJ.WIN32\DEBUG.WIN32\MD5.OBJ
F:\DEPLOY\ADT_BUNDLE\COCOS2DX\QUICK-COCOS2D-X-3.6.3_COMMUNITY\QUICK\PLAYER\PROJ.WIN32\DEBUG.WIN32\LFS.OBJ
F:\DEPLOY\ADT_BUNDLE\COCOS2DX\QUICK-COCOS2D-X-3.6.3_COMMUNITY\QUICK\PLAYER\PROJ.WIN32\DEBUG.WIN32\PLAYER3.RES
F:\Deploy\adt_bundle\cocos2dx\quick-cocos2d-x-3.6.3_community\quick\player\proj.win32\Debug.win32\AppDelegate.obj
F:\Deploy\adt_bundle\cocos2dx\quick-cocos2d-x-3.6.3_community\quick\player\proj.win32\Debug.win32\CCBlurFilter.obj
F:\Deploy\adt_bundle\cocos2dx\quick-cocos2d-x-3.6.3_community\quick\player\proj.win32\Debug.win32\CCBrightnessFilter.obj
F:\Deploy\adt_bundle\cocos2dx\quick-cocos2d-x-3.6.3_community\quick\player\proj.win32\Debug.win32\CCContrastFilter.obj
F:\Deploy\adt_bundle\cocos2dx\quick-cocos2d-x-3.6.3_community\quick\player\proj.win32\Debug.win32\CCCrypto.obj
F:\Deploy\adt_bundle\cocos2dx\quick-cocos2d-x-3.6.3_community\quick\player\proj.win32\Debug.win32\CCCryptoWin32.obj
F:\Deploy\adt_bundle\cocos2dx\quick-cocos2d-x-3.6.3_community\quick\player\proj.win32\Debug.win32\CCCustomFilter.obj
F:\Deploy\adt_bundle\cocos2dx\quick-cocos2d-x-3.6.3_community\quick\player\proj.win32\Debug.win32\CCDropShadowFilter.obj
F:\Deploy\adt_bundle\cocos2dx\quick-cocos2d-x-3.6.3_community\quick\player\proj.win32\Debug.win32\CCExposureFilter.obj
F:\Deploy\adt_bundle\cocos2dx\quick-cocos2d-x-3.6.3_community\quick\player\proj.win32\Debug.win32\CCFilter.obj
F:\Deploy\adt_bundle\cocos2dx\quick-cocos2d-x-3.6.3_community\quick\player\proj.win32\Debug.win32\CCFilteredSprite.obj
F:\Deploy\adt_bundle\cocos2dx\quick-cocos2d-x-3.6.3_community\quick\player\proj.win32\Debug.win32\ccFilterShaders.obj
F:\Deploy\adt_bundle\cocos2dx\quick-cocos2d-x-3.6.3_community\quick\player\proj.win32\Debug.win32\CCGammaFilter.obj
F:\Deploy\adt_bundle\cocos2dx\quick-cocos2d-x-3.6.3_community\quick\player\proj.win32\Debug.win32\CCGrayFilter.obj
F:\Deploy\adt_bundle\cocos2dx\quick-cocos2d-x-3.6.3_community\quick\player\proj.win32\Debug.win32\CCHazeFilter.obj
F:\Deploy\adt_bundle\cocos2dx\quick-cocos2d-x-3.6.3_community\quick\player\proj.win32\Debug.win32\CCHTTPRequest.obj
F:\Deploy\adt_bundle\cocos2dx\quick-cocos2d-x-3.6.3_community\quick\player\proj.win32\Debug.win32\CCHueFilter.obj
F:\Deploy\adt_bundle\cocos2dx\quick-cocos2d-x-3.6.3_community\quick\player\proj.win32\Debug.win32\CCMaskFilter.obj
F:\Deploy\adt_bundle\cocos2dx\quick-cocos2d-x-3.6.3_community\quick\player\proj.win32\Debug.win32\CCNative.obj
F:\Deploy\adt_bundle\cocos2dx\quick-cocos2d-x-3.6.3_community\quick\player\proj.win32\Debug.win32\CCNativeWin32.obj
F:\Deploy\adt_bundle\cocos2dx\quick-cocos2d-x-3.6.3_community\quick\player\proj.win32\Debug.win32\CCNetwork.obj
F:\Deploy\adt_bundle\cocos2dx\quick-cocos2d-x-3.6.3_community\quick\player\proj.win32\Debug.win32\CCNetworkWin32.obj
F:\Deploy\adt_bundle\cocos2dx\quick-cocos2d-x-3.6.3_community\quick\player\proj.win32\Debug.win32\CCRGBFilter.obj
F:\Deploy\adt_bundle\cocos2dx\quick-cocos2d-x-3.6.3_community\quick\player\proj.win32\Debug.win32\CCSaturationFilter.obj
F:\Deploy\adt_bundle\cocos2dx\quick-cocos2d-x-3.6.3_community\quick\player\proj.win32\Debug.win32\CCSepiaFilter.obj
F:\Deploy\adt_bundle\cocos2dx\quick-cocos2d-x-3.6.3_community\quick\player\proj.win32\Debug.win32\CCSharpenFilter.obj
F:\Deploy\adt_bundle\cocos2dx\quick-cocos2d-x-3.6.3_community\quick\player\proj.win32\Debug.win32\CCTestFilter.obj
F:\Deploy\adt_bundle\cocos2dx\quick-cocos2d-x-3.6.3_community\quick\player\proj.win32\Debug.win32\cocos2dx_extra_luabinding.obj
F:\Deploy\adt_bundle\cocos2dx\quick-cocos2d-x-3.6.3_community\quick\player\proj.win32\Debug.win32\FilterShaders.obj
F:\Deploy\adt_bundle\cocos2dx\quick-cocos2d-x-3.6.3_community\quick\player\proj.win32\Debug.win32\fpconv.obj
F:\Deploy\adt_bundle\cocos2dx\quick-cocos2d-x-3.6.3_community\quick\player\proj.win32\Debug.win32\HelperFunc.obj
F:\Deploy\adt_bundle\cocos2dx\quick-cocos2d-x-3.6.3_community\quick\player\proj.win32\Debug.win32\HelperFunc_luabinding.obj
F:\Deploy\adt_bundle\cocos2dx\quick-cocos2d-x-3.6.3_community\quick\player\proj.win32\Debug.win32\lfs.obj
F:\Deploy\adt_bundle\cocos2dx\quick-cocos2d-x-3.6.3_community\quick\player\proj.win32\Debug.win32\libbase64.obj
F:\Deploy\adt_bundle\cocos2dx\quick-cocos2d-x-3.6.3_community\quick\player\proj.win32\Debug.win32\lpack.obj
F:\Deploy\adt_bundle\cocos2dx\quick-cocos2d-x-3.6.3_community\quick\player\proj.win32\Debug.win32\lsqlite3.obj
F:\Deploy\adt_bundle\cocos2dx\quick-cocos2d-x-3.6.3_community\quick\player\proj.win32\Debug.win32\lua_cjson.obj
F:\Deploy\adt_bundle\cocos2dx\quick-cocos2d-x-3.6.3_community\quick\player\proj.win32\Debug.win32\lua_cocos2dx_extension_filter_auto.obj
F:\Deploy\adt_bundle\cocos2dx\quick-cocos2d-x-3.6.3_community\quick\player\proj.win32\Debug.win32\lua_cocos2dx_extension_nanovg_auto.obj
F:\Deploy\adt_bundle\cocos2dx\quick-cocos2d-x-3.6.3_community\quick\player\proj.win32\Debug.win32\lua_cocos2dx_extension_nanovg_manual.obj
F:\Deploy\adt_bundle\cocos2dx\quick-cocos2d-x-3.6.3_community\quick\player\proj.win32\Debug.win32\lua_extensions_more.obj
F:\Deploy\adt_bundle\cocos2dx\quick-cocos2d-x-3.6.3_community\quick\player\proj.win32\Debug.win32\lua_zlib.obj
F:\Deploy\adt_bundle\cocos2dx\quick-cocos2d-x-3.6.3_community\quick\player\proj.win32\Debug.win32\md5.obj
F:\Deploy\adt_bundle\cocos2dx\quick-cocos2d-x-3.6.3_community\quick\player\proj.win32\Debug.win32\nanovg.obj
F:\Deploy\adt_bundle\cocos2dx\quick-cocos2d-x-3.6.3_community\quick\player\proj.win32\Debug.win32\NVGDrawNode.obj
F:\Deploy\adt_bundle\cocos2dx\quick-cocos2d-x-3.6.3_community\quick\player\proj.win32\Debug.win32\NVGNode.obj
F:\Deploy\adt_bundle\cocos2dx\quick-cocos2d-x-3.6.3_community\quick\player\proj.win32\Debug.win32\PlayerEditBoxServiceWin.obj
F:\Deploy\adt_bundle\cocos2dx\quick-cocos2d-x-3.6.3_community\quick\player\proj.win32\Debug.win32\PlayerFileDialogServiceWin.obj
F:\Deploy\adt_bundle\cocos2dx\quick-cocos2d-x-3.6.3_community\quick\player\proj.win32\Debug.win32\PlayerLuaCore.obj
F:\Deploy\adt_bundle\cocos2dx\quick-cocos2d-x-3.6.3_community\quick\player\proj.win32\Debug.win32\PlayerLuaCoreManual.obj
F:\Deploy\adt_bundle\cocos2dx\quick-cocos2d-x-3.6.3_community\quick\player\proj.win32\Debug.win32\PlayerMenuServiceProtocol.obj
F:\Deploy\adt_bundle\cocos2dx\quick-cocos2d-x-3.6.3_community\quick\player\proj.win32\Debug.win32\PlayerMenuServiceWin.obj
F:\Deploy\adt_bundle\cocos2dx\quick-cocos2d-x-3.6.3_community\quick\player\proj.win32\Debug.win32\PlayerMessageBoxServiceWin.obj
F:\Deploy\adt_bundle\cocos2dx\quick-cocos2d-x-3.6.3_community\quick\player\proj.win32\Debug.win32\PlayerProtocol.obj
F:\Deploy\adt_bundle\cocos2dx\quick-cocos2d-x-3.6.3_community\quick\player\proj.win32\Debug.win32\PlayerServiceProtocol.obj
F:\Deploy\adt_bundle\cocos2dx\quick-cocos2d-x-3.6.3_community\quick\player\proj.win32\Debug.win32\PlayerSettings.obj
F:\Deploy\adt_bundle\cocos2dx\quick-cocos2d-x-3.6.3_community\quick\player\proj.win32\Debug.win32\PlayerTaskServiceProtocol.obj
F:\Deploy\adt_bundle\cocos2dx\quick-cocos2d-x-3.6.3_community\quick\player\proj.win32\Debug.win32\PlayerTaskServiceWin.obj
F:\Deploy\adt_bundle\cocos2dx\quick-cocos2d-x-3.6.3_community\quick\player\proj.win32\Debug.win32\PlayerUtils.obj
F:\Deploy\adt_bundle\cocos2dx\quick-cocos2d-x-3.6.3_community\quick\player\proj.win32\Debug.win32\PlayerWin.obj
F:\Deploy\adt_bundle\cocos2dx\quick-cocos2d-x-3.6.3_community\quick\player\proj.win32\Debug.win32\ProjectConfig.obj
F:\Deploy\adt_bundle\cocos2dx\quick-cocos2d-x-3.6.3_community\quick\player\proj.win32\Debug.win32\sqlite3.obj
F:\Deploy\adt_bundle\cocos2dx\quick-cocos2d-x-3.6.3_community\quick\player\proj.win32\Debug.win32\stdafx.obj
F:\Deploy\adt_bundle\cocos2dx\quick-cocos2d-x-3.6.3_community\quick\player\proj.win32\Debug.win32\strbuf.obj
F:\Deploy\adt_bundle\cocos2dx\quick-cocos2d-x-3.6.3_community\quick\player\proj.win32\Debug.win32\UncaughtExceptionHandler_win32.obj
F:\Deploy\adt_bundle\cocos2dx\quick-cocos2d-x-3.6.3_community\quick\player\proj.win32\Debug.win32\VisibleRect.obj
F:\Deploy\adt_bundle\cocos2dx\quick-cocos2d-x-3.6.3_community\quick\player\proj.win32\Debug.win32\CL.19588.read.1.tlog
F:\Deploy\adt_bundle\cocos2dx\quick-cocos2d-x-3.6.3_community\quick\player\proj.win32\Debug.win32\CL.19588.write.1.tlog
F:\Deploy\adt_bundle\cocos2dx\quick-cocos2d-x-3.6.3_community\quick\player\proj.win32\Debug.win32\CL.26220.read.1.tlog
F:\Deploy\adt_bundle\cocos2dx\quick-cocos2d-x-3.6.3_community\quick\player\proj.win32\Debug.win32\CL.26220.write.1.tlog
F:\Deploy\adt_bundle\cocos2dx\quick-cocos2d-x-3.6.3_community\quick\player\proj.win32\Debug.win32\CL.34652.read.1.tlog
F:\Deploy\adt_bundle\cocos2dx\quick-cocos2d-x-3.6.3_community\quick\player\proj.win32\Debug.win32\CL.34652.write.1.tlog
F:\Deploy\adt_bundle\cocos2dx\quick-cocos2d-x-3.6.3_community\quick\player\proj.win32\Debug.win32\CL.36108.read.1.tlog
F:\Deploy\adt_bundle\cocos2dx\quick-cocos2d-x-3.6.3_community\quick\player\proj.win32\Debug.win32\CL.36108.write.1.tlog
F:\Deploy\adt_bundle\cocos2dx\quick-cocos2d-x-3.6.3_community\quick\player\proj.win32\Debug.win32\CL.36620.read.1.tlog
F:\Deploy\adt_bundle\cocos2dx\quick-cocos2d-x-3.6.3_community\quick\player\proj.win32\Debug.win32\CL.36620.write.1.tlog
F:\Deploy\adt_bundle\cocos2dx\quick-cocos2d-x-3.6.3_community\quick\player\proj.win32\Debug.win32\CL.37380.read.1.tlog
F:\Deploy\adt_bundle\cocos2dx\quick-cocos2d-x-3.6.3_community\quick\player\proj.win32\Debug.win32\CL.37380.write.1.tlog
F:\Deploy\adt_bundle\cocos2dx\quick-cocos2d-x-3.6.3_community\quick\player\proj.win32\Debug.win32\CL.38132.read.1.tlog
F:\Deploy\adt_bundle\cocos2dx\quick-cocos2d-x-3.6.3_community\quick\player\proj.win32\Debug.win32\CL.38132.write.1.tlog
F:\Deploy\adt_bundle\cocos2dx\quick-cocos2d-x-3.6.3_community\quick\player\proj.win32\Debug.win32\CL.38896.read.1.tlog
F:\Deploy\adt_bundle\cocos2dx\quick-cocos2d-x-3.6.3_community\quick\player\proj.win32\Debug.win32\CL.38896.write.1.tlog
F:\Deploy\adt_bundle\cocos2dx\quick-cocos2d-x-3.6.3_community\quick\player\proj.win32\Debug.win32\cl.command.1.tlog
F:\Deploy\adt_bundle\cocos2dx\quick-cocos2d-x-3.6.3_community\quick\player\proj.win32\Debug.win32\CL.read.1.tlog
F:\Deploy\adt_bundle\cocos2dx\quick-cocos2d-x-3.6.3_community\quick\player\proj.win32\Debug.win32\cl.write.1.tlog
F:\Deploy\adt_bundle\cocos2dx\quick-cocos2d-x-3.6.3_community\quick\player\proj.win32\Debug.win32\link.command.1.tlog
F:\Deploy\adt_bundle\cocos2dx\quick-cocos2d-x-3.6.3_community\quick\player\proj.win32\Debug.win32\link.read.1.tlog
F:\Deploy\adt_bundle\cocos2dx\quick-cocos2d-x-3.6.3_community\quick\player\proj.win32\Debug.win32\link.write.1.tlog
F:\Deploy\adt_bundle\cocos2dx\quick-cocos2d-x-3.6.3_community\quick\player\proj.win32\Debug.win32\rc.command.1.tlog
F:\Deploy\adt_bundle\cocos2dx\quick-cocos2d-x-3.6.3_community\quick\player\proj.win32\Debug.win32\rc.read.1.tlog
F:\Deploy\adt_bundle\cocos2dx\quick-cocos2d-x-3.6.3_community\quick\player\proj.win32\Debug.win32\rc.write.1.tlog
F:\Deploy\adt_bundle\cocos2dx\quick-cocos2d-x-3.6.3_community\quick\player\proj.win32\Debug.win32\player3.res
F:\Deploy\adt_bundle\cocos2dx\quick-cocos2d-x-3.6.3_community\quick\player\proj.win32\Debug.win32\vc110.idb
F:\Deploy\adt_bundle\cocos2dx\quick-cocos2d-x-3.6.3_community\quick\player\proj.win32\Debug.win32\vc110.pdb
