Quick-Cocos2dx-Community C++ support ready.

------------------------------------------------

LOAD LUA FILE: F:/Deploy/adt_bundle/cocos2dx/quick-cocos2d-x-3.6.3_community/quick/samples/liveupdate/src/main.lua

------------------------------------------------

[LUA-print] ===========================================================

[LUA-print]               LOAD QUICK FRAMEWORK

[LUA-print] ===========================================================

[LUA-print] [INFO] 

[LUA-print] [INFO] # DEBUG                        = 1

[LUA-print] [INFO] #

[LUA-print] [INFO] # device.platform              = windows

[LUA-print] [INFO] # device.model                 = unknown

[LUA-print] [INFO] # device.language              = cn

[LUA-print] [INFO] # device.writablePath          = F:\Deploy\adt_bundle\cocos2dx\quick-cocos2d-x-3.6.3_community\quick\samples\liveupdate\

[LUA-print] [INFO] # device.directorySeparator    = \

[LUA-print] [INFO] # device.pathSeparator         = ;

[LUA-print] [INFO] #

[LUA-print] [INFO] # CONFIG_SCREEN_AUTOSCALE      = FIXED_HEIGHT

[LUA-print] [INFO] # CONFIG_SCREEN_WIDTH          = 852.00


[LUA-print] [INFO] # CONFIG_SCREEN_HEIGHT         = 480.00

[LUA-print] [INFO] # display.widthInPixels        = 1136.00

[LUA-print] [INFO] # display.heightInPixels       = 640.00

[LUA-print] [INFO] # display.contentScaleFactor   = 1.33

[LUA-print] [INFO] # display.width                = 852.00


[LUA-print] [INFO] # display.height               = 480.00

[LUA-print] [INFO] # display.cx                   = 426.00


[LUA-print] [INFO] # display.cy                   = 240.00

[LUA-print] [INFO] # display.left                 = 0.00

[LUA-print] [INFO] # display.right                = 852.00


[LUA-print] [INFO] # display.top                  = 480.00

[LUA-print] [INFO] # display.bottom               = 0.00

[LUA-print] [INFO] # display.c_left               = -426.00

[LUA-print] [INFO] # display.c_right              = 426.00


[LUA-print] [INFO] # display.c_top                = 240.00

[LUA-print] [INFO] # display.c_bottom             = -240.00

[LUA-print] [INFO] #

lua_loadChunksFromZIP() - load zip file: F:\Deploy\adt_bundle\cocos2dx\quick-cocos2d-x-3.6.3_community\quick\samples\liveupdate\upd/update.zip1

lua_loadChunksFromZIP() - loaded chunks count: 1

